This file contains any messages produced by compilers while
running configure, to aid debugging if configure makes a mistake.

It was created by osbsql2osm configure 0.3.1, which was
generated by GNU Autoconf 2.61.  Invocation command line was

  $ ./configure 

## --------- ##
## Platform. ##
## --------- ##

hostname = osm1
uname -m = x86_64
uname -r = 2.6.26-2-amd64
uname -s = Linux
uname -v = #1 SMP Tue Mar 9 22:29:32 UTC 2010

/usr/bin/uname -p = unknown
/bin/uname -X     = unknown

/bin/arch              = unknown
/usr/bin/arch -k       = unknown
/usr/convex/getsysinfo = unknown
/usr/bin/hostinfo      = unknown
/bin/machine           = unknown
/usr/bin/oslevel       = unknown
/bin/universe          = unknown

PATH: /home/etienne/bin
PATH: /usr/local/bin
PATH: /usr/bin
PATH: /bin
PATH: /usr/games


## ----------- ##
## Core tests. ##
## ----------- ##

configure:1743: checking for a BSD-compatible install
configure:1799: result: /usr/bin/install -c
configure:1810: checking whether build environment is sane
configure:1853: result: yes
configure:1881: checking for a thread-safe mkdir -p
configure:1920: result: /bin/mkdir -p
configure:1933: checking for gawk
configure:1949: found /usr/bin/gawk
configure:1960: result: gawk
configure:1971: checking whether make sets $(MAKE)
configure:1992: result: yes
configure:2194: checking for style of include used by make
configure:2222: result: GNU
configure:2292: checking for gcc
configure:2308: found /usr/bin/gcc
configure:2319: result: gcc
configure:2557: checking for C compiler version
configure:2564: gcc --version >&5
gcc (Debian 4.3.2-1.1) 4.3.2
Copyright (C) 2008 Free Software Foundation, Inc.
This is free software; see the source for copying conditions.  There is NO
warranty; not even for MERCHANTABILITY or FITNESS FOR A PARTICULAR PURPOSE.

configure:2567: $? = 0
configure:2574: gcc -v >&5
Using built-in specs.
Target: x86_64-linux-gnu
Configured with: ../src/configure -v --with-pkgversion='Debian 4.3.2-1.1' --with-bugurl=file:///usr/share/doc/gcc-4.3/README.Bugs --enable-languages=c,c++,fortran,objc,obj-c++ --prefix=/usr --enable-shared --with-system-zlib --libexecdir=/usr/lib --without-included-gettext --enable-threads=posix --enable-nls --with-gxx-include-dir=/usr/include/c++/4.3 --program-suffix=-4.3 --enable-clocale=gnu --enable-libstdcxx-debug --enable-objc-gc --enable-mpfr --enable-cld --enable-checking=release --build=x86_64-linux-gnu --host=x86_64-linux-gnu --target=x86_64-linux-gnu
Thread model: posix
gcc version 4.3.2 (Debian 4.3.2-1.1) 
configure:2577: $? = 0
configure:2584: gcc -V >&5
gcc: '-V' option must have argument
configure:2587: $? = 1
configure:2610: checking for C compiler default output file name
configure:2637: gcc    conftest.c  >&5
configure:2640: $? = 0
configure:2678: result: a.out
configure:2695: checking whether the C compiler works
configure:2705: ./a.out
configure:2708: $? = 0
configure:2725: result: yes
configure:2732: checking whether we are cross compiling
configure:2734: result: no
configure:2737: checking for suffix of executables
configure:2744: gcc -o conftest    conftest.c  >&5
configure:2747: $? = 0
configure:2771: result: 
configure:2777: checking for suffix of object files
configure:2803: gcc -c   conftest.c >&5
configure:2806: $? = 0
configure:2829: result: o
configure:2833: checking whether we are using the GNU C compiler
configure:2862: gcc -c   conftest.c >&5
configure:2868: $? = 0
configure:2885: result: yes
configure:2890: checking whether gcc accepts -g
configure:2920: gcc -c -g  conftest.c >&5
configure:2926: $? = 0
configure:3025: result: yes
configure:3042: checking for gcc option to accept ISO C89
configure:3116: gcc  -c -g -O2  conftest.c >&5
configure:3122: $? = 0
configure:3145: result: none needed
configure:3165: checking dependency style of gcc
configure:3256: result: gcc3
configure:3276: checking for flex
configure:3306: result: no
configure:3276: checking for lex
configure:3306: result: no
configure:3488: checking for bison
configure:3518: result: no
configure:3488: checking for byacc
configure:3518: result: no
configure:3577: checking for gcc
configure:3604: result: gcc
configure:3842: checking for C compiler version
configure:3849: gcc --version >&5
gcc (Debian 4.3.2-1.1) 4.3.2
Copyright (C) 2008 Free Software Foundation, Inc.
This is free software; see the source for copying conditions.  There is NO
warranty; not even for MERCHANTABILITY or FITNESS FOR A PARTICULAR PURPOSE.

configure:3852: $? = 0
configure:3859: gcc -v >&5
Using built-in specs.
Target: x86_64-linux-gnu
Configured with: ../src/configure -v --with-pkgversion='Debian 4.3.2-1.1' --with-bugurl=file:///usr/share/doc/gcc-4.3/README.Bugs --enable-languages=c,c++,fortran,objc,obj-c++ --prefix=/usr --enable-shared --with-system-zlib --libexecdir=/usr/lib --without-included-gettext --enable-threads=posix --enable-nls --with-gxx-include-dir=/usr/include/c++/4.3 --program-suffix=-4.3 --enable-clocale=gnu --enable-libstdcxx-debug --enable-objc-gc --enable-mpfr --enable-cld --enable-checking=release --build=x86_64-linux-gnu --host=x86_64-linux-gnu --target=x86_64-linux-gnu
Thread model: posix
gcc version 4.3.2 (Debian 4.3.2-1.1) 
configure:3862: $? = 0
configure:3869: gcc -V >&5
gcc: '-V' option must have argument
configure:3872: $? = 1
configure:3875: checking whether we are using the GNU C compiler
configure:3927: result: yes
configure:3932: checking whether gcc accepts -g
configure:4067: result: yes
configure:4084: checking for gcc option to accept ISO C89
configure:4187: result: none needed
configure:4207: checking dependency style of gcc
configure:4298: result: gcc3
configure:4442: creating ./config.status

## ---------------------- ##
## Running config.status. ##
## ---------------------- ##

This file was extended by osbsql2osm config.status 0.3.1, which was
generated by GNU Autoconf 2.61.  Invocation command line was

  CONFIG_FILES    = 
  CONFIG_HEADERS  = 
  CONFIG_LINKS    = 
  CONFIG_COMMANDS = 
  $ ./config.status 

on osm1

config.status:638: creating Makefile
config.status:638: creating src/Makefile
config.status:638: creating config.h
config.status:901: executing depfiles commands

## ---------------- ##
## Cache variables. ##
## ---------------- ##

ac_cv_c_compiler_gnu=yes
ac_cv_env_CC_set=
ac_cv_env_CC_value=
ac_cv_env_CFLAGS_set=
ac_cv_env_CFLAGS_value=
ac_cv_env_CPPFLAGS_set=
ac_cv_env_CPPFLAGS_value=
ac_cv_env_LDFLAGS_set=
ac_cv_env_LDFLAGS_value=
ac_cv_env_LIBS_set=
ac_cv_env_LIBS_value=
ac_cv_env_YACC_set=
ac_cv_env_YACC_value=
ac_cv_env_YFLAGS_set=
ac_cv_env_YFLAGS_value=
ac_cv_env_build_alias_set=
ac_cv_env_build_alias_value=
ac_cv_env_host_alias_set=
ac_cv_env_host_alias_value=
ac_cv_env_target_alias_set=
ac_cv_env_target_alias_value=
ac_cv_objext=o
ac_cv_path_install='/usr/bin/install -c'
ac_cv_path_mkdir=/bin/mkdir
ac_cv_prog_AWK=gawk
ac_cv_prog_ac_ct_CC=gcc
ac_cv_prog_cc_c89=
ac_cv_prog_cc_g=yes
ac_cv_prog_make_make_set=yes
am_cv_CC_dependencies_compiler_type=gcc3

## ----------------- ##
## Output variables. ##
## ----------------- ##

ACLOCAL='${SHELL} /home/etienne/osb/osbsql2osm-0.3.1/missing --run aclocal-1.10'
AMDEPBACKSLASH='\'
AMDEP_FALSE='#'
AMDEP_TRUE=''
AMTAR='${SHELL} /home/etienne/osb/osbsql2osm-0.3.1/missing --run tar'
AUTOCONF='${SHELL} /home/etienne/osb/osbsql2osm-0.3.1/missing --run autoconf'
AUTOHEADER='${SHELL} /home/etienne/osb/osbsql2osm-0.3.1/missing --run autoheader'
AUTOMAKE='${SHELL} /home/etienne/osb/osbsql2osm-0.3.1/missing --run automake-1.10'
AWK='gawk'
CC='gcc'
CCDEPMODE='depmode=gcc3'
CFLAGS='-g -O2'
CPPFLAGS=''
CYGPATH_W='echo'
DEFS='-DHAVE_CONFIG_H'
DEPDIR='.deps'
ECHO_C=''
ECHO_N='-n'
ECHO_T=''
EXEEXT=''
INSTALL_DATA='${INSTALL} -m 644'
INSTALL_PROGRAM='${INSTALL}'
INSTALL_SCRIPT='${INSTALL}'
INSTALL_STRIP_PROGRAM='$(install_sh) -c -s'
LDFLAGS=''
LEX='/bin/sh /missing flex'
LEXLIB=''
LEX_OUTPUT_ROOT='lex.yy'
LIBOBJS=''
LIBS=''
LTLIBOBJS=''
MAKEINFO='${SHELL} /home/etienne/osb/osbsql2osm-0.3.1/missing --run makeinfo'
OBJEXT='o'
PACKAGE='osbsql2osm'
PACKAGE_BUGREPORT='john@tuxcode.org'
PACKAGE_NAME='osbsql2osm'
PACKAGE_STRING='osbsql2osm 0.3.1'
PACKAGE_TARNAME='osbsql2osm'
PACKAGE_VERSION='0.3.1'
PATH_SEPARATOR=':'
SET_MAKE=''
SHELL='/bin/sh'
STRIP=''
VERSION='0.3.1'
YACC='yacc'
YFLAGS=''
ac_ct_CC='gcc'
am__fastdepCC_FALSE='#'
am__fastdepCC_TRUE=''
am__include='include'
am__isrc=''
am__leading_dot='.'
am__quote=''
am__tar='${AMTAR} chof - "$$tardir"'
am__untar='${AMTAR} xf -'
bindir='${exec_prefix}/bin'
build_alias=''
datadir='${datarootdir}'
datarootdir='${prefix}/share'
docdir='${datarootdir}/doc/${PACKAGE_TARNAME}'
dvidir='${docdir}'
exec_prefix='${prefix}'
host_alias=''
htmldir='${docdir}'
includedir='${prefix}/include'
infodir='${datarootdir}/info'
install_sh='$(SHELL) /home/etienne/osb/osbsql2osm-0.3.1/install-sh'
libdir='${exec_prefix}/lib'
libexecdir='${exec_prefix}/libexec'
localedir='${datarootdir}/locale'
localstatedir='${prefix}/var'
mandir='${datarootdir}/man'
mkdir_p='/bin/mkdir -p'
oldincludedir='/usr/include'
pdfdir='${docdir}'
prefix='/usr/local'
program_transform_name='s,x,x,'
psdir='${docdir}'
sbindir='${exec_prefix}/sbin'
sharedstatedir='${prefix}/com'
sysconfdir='${prefix}/etc'
target_alias=''

## ----------- ##
## confdefs.h. ##
## ----------- ##

#define PACKAGE_NAME "osbsql2osm"
#define PACKAGE_TARNAME "osbsql2osm"
#define PACKAGE_VERSION "0.3.1"
#define PACKAGE_STRING "osbsql2osm 0.3.1"
#define PACKAGE_BUGREPORT "john@tuxcode.org"
#define PACKAGE "osbsql2osm"
#define VERSION "0.3.1"

configure: exit 0
